============================================================
  Generated by:           Genus(TM) Synthesis Solution 22.17-s071_1
  Generated on:           Apr 28 2025  05:10:20 pm
  Module:                 top
  Technology libraries:   slow_1v0 
                          pll 0.0
                          CDK_S128x16 0.0
                          CDK_S256x16 0.0
                          CDK_R512x16 0.0
                          physical_cells 
                          slow_1v0 
                          pll 0.0
                          CDK_S128x16 0.0
                          CDK_S256x16 0.0
                          CDK_R512x16 0.0
                          physical_cells 
  Operating conditions:   slow 
  Interconnect mode:      global
  Area mode:              physical library
============================================================

Timing
--------

Clock Period 
-------------
clk   5000.0 


  Cost    Critical         Violating 
 Group   Path Slack  TNS     Paths   
-------------------------------------
clk          1549.7   0.0          0 
default    No paths   0.0            
-------------------------------------
Total                 0.0          0 

Instance Count
--------------
Leaf Instance Count             751 
Physical Instance count           0 
Sequential Instance Count       309 
Combinational Instance Count    442 
Hierarchical Instance Count       0 

Area
----
Cell Area                          3106.728
Physical Cell Area                 0.000
Total Cell Area (Cell+Physical)    3106.728
Net Area                           1058.608
Total Area (Cell+Physical+Net)     4165.336

Runtime                            0.0 seconds
Elapsed Runtime                    44 seconds
Genus peak memory usage            1609.30 
Innovus peak memory usage          no_value 
Hostname                           vlsiktmt
