============================================================
  Generated by:           Genus(TM) Synthesis Solution 22.17-s071_1
  Generated on:           Apr 28 2025  05:10:20 pm
  Module:                 top
  Technology libraries:   slow_1v0 
                          pll 0.0
                          CDK_S128x16 0.0
                          CDK_S256x16 0.0
                          CDK_R512x16 0.0
                          physical_cells 
                          slow_1v0 
                          pll 0.0
                          CDK_S128x16 0.0
                          CDK_S256x16 0.0
                          CDK_R512x16 0.0
                          physical_cells 
  Operating conditions:   slow 
  Interconnect mode:      global
  Area mode:              physical library
============================================================

                                 Leakage  
   Gate    Instances    Area   Power (nW)   Library   
------------------------------------------------------
ADDHX1            10    37.620      1.812    slow_1v0 
AND2X1            40    54.720      2.239    slow_1v0 
AND2XL             1     1.368      0.046    slow_1v0 
AO22X1            32    87.552      2.512    slow_1v0 
AOI21XL            1     1.710      0.041    slow_1v0 
AOI221X1          33    79.002      3.922    slow_1v0 
AOI222X1           6    18.468      0.762    slow_1v0 
AOI22X1           65   133.380      6.273    slow_1v0 
AOI31X1            1     2.052      0.090    slow_1v0 
BUFX2              1     1.710      0.085    slow_1v0 
CLKXOR2X1          1     2.736      0.126    slow_1v0 
DFFRHQX1          15    92.340      4.383    slow_1v0 
DFFSHQX1           1     6.498      0.291    slow_1v0 
INVX1             43    29.412      1.428    slow_1v0 
MX2X1              4     9.576      0.380    slow_1v0 
MX2XL              1     2.394      0.081    slow_1v0 
NAND2BX1           4     5.472      0.339    slow_1v0 
NAND2BXL           4     5.472      0.228    slow_1v0 
NAND2X1           28    28.728      1.848    slow_1v0 
NAND2XL            3     3.078      0.114    slow_1v0 
NAND3BXL           2     3.420      0.151    slow_1v0 
NAND3X1           33    56.430      3.244    slow_1v0 
NAND3XL            2     3.420      0.114    slow_1v0 
NAND4BX1           1     2.394      0.149    slow_1v0 
NOR2BX1           10    13.680      0.678    slow_1v0 
NOR2X1            29    29.754      1.409    slow_1v0 
NOR2XL             6     6.156      0.162    slow_1v0 
NOR3BX1            1     2.052      0.083    slow_1v0 
NOR3BXL            3     6.156      0.162    slow_1v0 
NOR3X1             1     1.710      0.064    slow_1v0 
NOR3XL             1     1.710      0.035    slow_1v0 
NOR4BX1            3     7.182      0.295    slow_1v0 
NOR4X1             2     3.420      0.158    slow_1v0 
OA21X1             6    12.312      0.423    slow_1v0 
OAI211X1           2     3.420      0.227    slow_1v0 
OAI211X2           1     4.104      0.227    slow_1v0 
OAI21X1            6    10.260      0.488    slow_1v0 
OAI2BB1X1         14    23.940      1.241    slow_1v0 
OR2X1             10    13.680      0.709    slow_1v0 
OR3X1              4     8.208      0.359    slow_1v0 
OR4X1              9    18.468      0.977    slow_1v0 
SDFFQX1          264  1986.336     64.645    slow_1v0 
SDFFRHQX1         13   106.704      4.839    slow_1v0 
TBUFX12            1    11.286      0.764    slow_1v0 
TBUFX4            14    67.032      3.646    slow_1v0 
TBUFX6             1     7.866      0.441    slow_1v0 
TLATNXL           16    87.552      2.469    slow_1v0 
XNOR2X1            2     4.788      0.251    slow_1v0 
------------------------------------------------------
total            751  3106.728    115.413             


                                           Leakage  Leakage 
     Type      Instances   Area   Area % Power (nW) Power % 
------------------------------------------------------------
sequential           309 2279.430   73.4     76.627    66.4 
inverter              43   29.412    0.9      1.428     1.2 
buffer                 1    1.710    0.1      0.085     0.1 
tristate              16   86.184    2.8      4.851     4.2 
logic                382  709.992   22.9     32.422    28.1 
physical_cells         0    0.000    0.0      0.000     0.0 
------------------------------------------------------------
total                751 3106.728  100.0    115.413   100.0 

