============================================================
  Generated by:           Genus(TM) Synthesis Solution 22.17-s071_1
  Generated on:           Apr 28 2025  05:14:55 pm
  Module:                 top
  Technology libraries:   slow_1v0 
                          pll 0.0
                          CDK_S128x16 0.0
                          CDK_S256x16 0.0
                          CDK_R512x16 0.0
                          physical_cells 
                          slow_1v0 
                          pll 0.0
                          CDK_S128x16 0.0
                          CDK_S256x16 0.0
                          CDK_R512x16 0.0
                          physical_cells 
  Operating conditions:   slow 
  Interconnect mode:      global
  Area mode:              physical library
============================================================

                                   Leakage  
    Gate     Instances    Area   Power (nW)   Library   
--------------------------------------------------------
ADDHX1               3    11.286      0.544    slow_1v0 
ADDHXL               1     4.788      0.158    slow_1v0 
AND2XL              42    57.456      1.946    slow_1v0 
AO22XL              32    87.552      2.064    slow_1v0 
AOI21XL              5     8.550      0.206    slow_1v0 
AOI221XL            32   109.440      1.962    slow_1v0 
AOI22XL             65   133.380      3.490    slow_1v0 
AOI2BB1XL            4     8.208      0.258    slow_1v0 
AOI2BB2XL            5    18.810      0.460    slow_1v0 
AOI32XL              1     2.736      0.063    slow_1v0 
CLKINVX1             1     1.026      0.033    slow_1v0 
DFFQX1             264  1534.896     53.773    slow_1v0 
DFFRHQX1            10    61.560      2.922    slow_1v0 
DFFRX1               1     6.840      0.273    slow_1v0 
DFFRXL              12   102.600      2.913    slow_1v0 
DFFSXL               1     8.550      0.242    slow_1v0 
INVXL               44    30.096      0.842    slow_1v0 
MX2X1                1     2.394      0.095    slow_1v0 
MX2XL                3     7.182      0.243    slow_1v0 
MXI2XL               2     4.788      0.132    slow_1v0 
NAND2BX1             2     2.736      0.170    slow_1v0 
NAND2BXL            11    15.048      0.626    slow_1v0 
NAND2X1              1     1.026      0.066    slow_1v0 
NAND2XL             20    20.520      0.763    slow_1v0 
NAND3BXL             5     8.550      0.378    slow_1v0 
NAND3XL             39    66.690      2.219    slow_1v0 
NAND4BX1             1     2.394      0.149    slow_1v0 
NAND4XL              1     1.710      0.075    slow_1v0 
NOR2BX1              1     1.368      0.068    slow_1v0 
NOR2BXL              6    10.260      0.277    slow_1v0 
NOR2XL              38    38.988      1.026    slow_1v0 
NOR3BXL              2     4.104      0.108    slow_1v0 
NOR3XL              10    17.100      0.348    slow_1v0 
NOR4BXL              2     6.156      0.124    slow_1v0 
NOR4XL               1     2.052      0.043    slow_1v0 
OAI211XL             6    12.312      0.388    slow_1v0 
OAI21XL              4     6.840      0.184    slow_1v0 
OAI2BB1X1            1     1.710      0.089    slow_1v0 
OAI2BB1XL            5    10.260      0.306    slow_1v0 
OR2X1                4     5.472      0.284    slow_1v0 
OR2XL               17    23.256      0.966    slow_1v0 
OR4X1                9    18.468      0.977    slow_1v0 
OR4XL                1     2.736      0.095    slow_1v0 
SDFFRHQX1            1     8.208      0.372    slow_1v0 
SDFFRXL              4    41.040      1.171    slow_1v0 
TBUFX4              12    57.456      3.125    slow_1v0 
TBUFX6               2    15.732      0.882    slow_1v0 
TBUFX8               2    17.100      1.018    slow_1v0 
TLATNTSCAX2         36   233.928      7.797    slow_1v0 
TLATNXL              8    43.776      1.235    slow_1v0 
TLATXL               8    43.776      1.238    slow_1v0 
XNOR2XL              1     2.736      0.111    slow_1v0 
XOR2XL               1     2.736      0.112    slow_1v0 
--------------------------------------------------------
total              791  2948.382     99.408             


                                                         Leakage  Leakage 
            Type             Instances   Area   Area % Power (nW) Power % 
--------------------------------------------------------------------------
sequential                         309 1851.246   62.8     64.139    64.5 
inverter                            45   31.122    1.1      0.875     0.9 
tristate                            16   90.288    3.1      5.025     5.1 
clock_gating_integrated_cell        36  233.928    7.9      7.797     7.8 
logic                              385  741.798   25.2     21.572    21.7 
physical_cells                       0    0.000    0.0      0.000     0.0 
--------------------------------------------------------------------------
total                              791 2948.382  100.0     99.408   100.0 

