============================================================
  Generated by:           Genus(TM) Synthesis Solution 22.17-s071_1
  Generated on:           Apr 28 2025  05:14:55 pm
  Module:                 top
  Technology libraries:   slow_1v0 
                          pll 0.0
                          CDK_S128x16 0.0
                          CDK_S256x16 0.0
                          CDK_R512x16 0.0
                          physical_cells 
                          slow_1v0 
                          pll 0.0
                          CDK_S128x16 0.0
                          CDK_S256x16 0.0
                          CDK_R512x16 0.0
                          physical_cells 
  Operating conditions:   slow 
  Interconnect mode:      global
  Area mode:              physical library
============================================================

Timing
--------

Clock Period 
-------------
clk   5000.0 


        Cost          Critical         Violating 
       Group         Path Slack  TNS     Paths   
-------------------------------------------------
cg_enable_group_clk      2458.4   0.0          0 
clk                       559.8   0.0          0 
default                No paths   0.0            
-------------------------------------------------
Total                             0.0          0 

Instance Count
--------------
Leaf Instance Count             791 
Physical Instance count           0 
Sequential Instance Count       345 
Combinational Instance Count    446 
Hierarchical Instance Count      36 

Area
----
Cell Area                          2948.382
Physical Cell Area                 0.000
Total Cell Area (Cell+Physical)    2948.382
Net Area                           876.627
Total Area (Cell+Physical+Net)     3825.009

Runtime                            0.0 seconds
Elapsed Runtime                    55 seconds
Genus peak memory usage            1623.80 
Innovus peak memory usage          no_value 
Hostname                           vlsiktmt
